<?xml version="1.0" encoding="UTF-8"?>
<!-- Generated by org.testng.reporters.JUnitXMLReporter -->
<testsuite ignored="0" hostname="DESKTOP-PF3KS85" failures="0" tests="5" name="Default test" time="5.919" errors="0" timestamp="2025-03-24T12:32:02 IST">
  <testcase classname="com.callTest.testCall" name="method_four" time="0.679"/>
  <testcase classname="com.callTest.testCall" name="method_six" time="0.473"/>
  <testcase classname="com.callTest.testCall" name="method_eight" time="0.466"/>
  <testcase classname="com.callTest.testCall" name="method_five" time="0.131"/>
  <testcase classname="com.callTest.testCall" name="method_seven" time="0.442"/>
</testsuite> <!-- Default test -->
