<?xml version="1.0" encoding="UTF-8"?>
<!-- Generated by org.testng.reporters.JUnitXMLReporter -->
<testsuite ignored="0" hostname="DESKTOP-PF3KS85" failures="0" tests="3" name="Default test" time="8.961" errors="0" timestamp="2025-04-03T17:56:22 IST">
  <testcase classname="com.baseClass.baseClass" name="configReader" time="0.018"/>
  <testcase classname="com.baseClass.baseClass" name="intBrowser" time="5.331"/>
  <testcase classname="com.baseClass.baseClass" name="invokeUrl" time="3.511"/>
</testsuite> <!-- Default test -->
