<?xml version="1.0" encoding="UTF-8"?>
<!-- Generated by org.testng.reporters.JUnitXMLReporter -->
<testsuite ignored="3" hostname="DESKTOP-PF3KS85" failures="0" tests="5" name="Functionality Test Cases" time="2.046" errors="0" timestamp="2025-04-03T18:32:00 IST">
  <testcase classname="com.baseClass.performFunctionalities" name="dateselection" time="0.388"/>
  <testcase classname="com.baseClass.performFunctionalities" name="scrollToElement" time="0.343"/>
  <testcase classname="com.baseClass.performFunctionalities" name="selectCity" time="0.456"/>
  <testcase classname="com.baseClass.performFunctionalities" name="selectCountry" time="0.71"/>
  <testcase classname="com.baseClass.performFunctionalities" name="tripType" time="0.134"/>
  <testcase classname="com.baseClass.baseClass" name="intBrowser" time="0.0">
    <ignored/>
  </testcase> <!-- intBrowser -->
  <testcase classname="com.baseClass.baseClass" name="configReader" time="0.0">
    <ignored/>
  </testcase> <!-- configReader -->
  <testcase classname="com.baseClass.baseClass" name="invokeUrl" time="0.0">
    <ignored/>
  </testcase> <!-- invokeUrl -->
</testsuite> <!-- Functionality Test Cases -->
