<?xml version="1.0" encoding="UTF-8"?>
<!-- Generated by org.testng.reporters.JUnitXMLReporter -->
<testsuite ignored="0" hostname="DESKTOP-PF3KS85" failures="8" tests="9" name="Functionality Class TestCase_02" time="0.058" errors="0" timestamp="2025-04-03T17:07:02 IST">
  <testcase classname="com.baseClass.baseClass" name="configReader" time="0.002"/>
  <testcase classname="com.baseClass.baseClass" name="intBrowser" time="0.0">
    <failure type="org.testng.TestNGException" message="
Cannot inject @Test annotated Method [intBrowser] with [class java.lang.String].
For more information on native dependency injection please refer to https://testng.org/#_dependency_injection">
      <![CDATA[org.testng.TestNGException: 
Cannot inject @Test annotated Method [intBrowser] with [class java.lang.String].
For more information on native dependency injection please refer to https://testng.org/#_dependency_injection
at java.base/java.util.ArrayList.forEach(ArrayList.java:1596)
... Removed 26 stack frames]]>
    </failure>
  </testcase> <!-- intBrowser -->
  <testcase classname="com.baseClass.baseClass" name="invokeUrl" time="0.003">
    <failure type="java.lang.NullPointerException" message="Cannot invoke &amp;quot;org.openqa.selenium.WebDriver.get(String)&amp;quot; because &amp;quot;com.baseClass.baseClass.driver&amp;quot; is null">
      <![CDATA[java.lang.NullPointerException: Cannot invoke "org.openqa.selenium.WebDriver.get(String)" because "com.baseClass.baseClass.driver" is null
at com.baseClass.baseClass.invokeUrl(baseClass.java:61)
at java.base/java.util.ArrayList.forEach(ArrayList.java:1596)
... Removed 25 stack frames]]>
    </failure>
  </testcase> <!-- invokeUrl -->
  <testcase classname="com.baseClass.performFunctionalities" name="dateselection" time="0.011">
    <failure type="java.lang.NullPointerException" message="Cannot invoke &amp;quot;org.openqa.selenium.WebDriver.findElement(org.openqa.selenium.By)&amp;quot; because &amp;quot;com.baseClass.performFunctionalities.driver&amp;quot; is null">
      <![CDATA[java.lang.NullPointerException: Cannot invoke "org.openqa.selenium.WebDriver.findElement(org.openqa.selenium.By)" because "com.baseClass.performFunctionalities.driver" is null
at com.baseClass.performFunctionalities.dateselection(performFunctionalities.java:60)
at java.base/java.util.ArrayList.forEach(ArrayList.java:1596)
... Removed 25 stack frames]]>
    </failure>
  </testcase> <!-- dateselection -->
  <testcase classname="com.baseClass.performFunctionalities" name="scrollToElement" time="0.004">
    <failure type="java.lang.IllegalArgumentException" message="Driver must be set">
      <![CDATA[java.lang.IllegalArgumentException: Driver must be set
at org.openqa.selenium.internal.Require.nonNull(Require.java:61)
at org.openqa.selenium.interactions.Actions.<init>(Actions.java:64)
at org.openqa.selenium.interactions.Actions.<init>(Actions.java:60)
at com.baseClass.performFunctionalities.scrollToElement(performFunctionalities.java:68)
at java.base/java.util.ArrayList.forEach(ArrayList.java:1596)
... Removed 25 stack frames]]>
    </failure>
  </testcase> <!-- scrollToElement -->
  <testcase classname="com.baseClass.performFunctionalities" name="selectCity" time="0.001">
    <failure type="java.lang.NullPointerException" message="Cannot invoke &amp;quot;org.openqa.selenium.WebDriver.findElement(org.openqa.selenium.By)&amp;quot; because &amp;quot;com.baseClass.performFunctionalities.driver&amp;quot; is null">
      <![CDATA[java.lang.NullPointerException: Cannot invoke "org.openqa.selenium.WebDriver.findElement(org.openqa.selenium.By)" because "com.baseClass.performFunctionalities.driver" is null
at com.baseClass.performFunctionalities.selectCity(performFunctionalities.java:49)
at java.base/java.util.ArrayList.forEach(ArrayList.java:1596)
... Removed 25 stack frames]]>
    </failure>
  </testcase> <!-- selectCity -->
  <testcase classname="com.baseClass.performFunctionalities" name="selectCountry" time="0.002">
    <failure type="java.lang.NullPointerException" message="Cannot invoke &amp;quot;org.openqa.selenium.WebDriver.findElement(org.openqa.selenium.By)&amp;quot; because &amp;quot;com.baseClass.performFunctionalities.driver&amp;quot; is null">
      <![CDATA[java.lang.NullPointerException: Cannot invoke "org.openqa.selenium.WebDriver.findElement(org.openqa.selenium.By)" because "com.baseClass.performFunctionalities.driver" is null
at com.baseClass.performFunctionalities.selectCountry(performFunctionalities.java:21)
at java.base/java.util.ArrayList.forEach(ArrayList.java:1596)
... Removed 25 stack frames]]>
    </failure>
  </testcase> <!-- selectCountry -->
  <testcase classname="com.baseClass.performFunctionalities" name="tearDown" time="0.001">
    <failure type="java.lang.NullPointerException" message="Cannot invoke &amp;quot;org.openqa.selenium.WebDriver.close()&amp;quot; because &amp;quot;com.baseClass.performFunctionalities.driver&amp;quot; is null">
      <![CDATA[java.lang.NullPointerException: Cannot invoke "org.openqa.selenium.WebDriver.close()" because "com.baseClass.performFunctionalities.driver" is null
at com.baseClass.performFunctionalities.tearDown(performFunctionalities.java:79)
at java.base/java.util.ArrayList.forEach(ArrayList.java:1596)
... Removed 25 stack frames]]>
    </failure>
  </testcase> <!-- tearDown -->
  <testcase classname="com.baseClass.performFunctionalities" name="tripType" time="0.002">
    <failure type="java.lang.NullPointerException" message="Cannot invoke &amp;quot;org.openqa.selenium.WebDriver.findElement(org.openqa.selenium.By)&amp;quot; because &amp;quot;com.baseClass.performFunctionalities.driver&amp;quot; is null">
      <![CDATA[java.lang.NullPointerException: Cannot invoke "org.openqa.selenium.WebDriver.findElement(org.openqa.selenium.By)" because "com.baseClass.performFunctionalities.driver" is null
at com.baseClass.performFunctionalities.tripType(performFunctionalities.java:42)
at java.base/java.util.ArrayList.forEach(ArrayList.java:1596)
... Removed 25 stack frames]]>
    </failure>
  </testcase> <!-- tripType -->
</testsuite> <!-- Functionality Class TestCase_02 -->
