<?xml version="1.0" encoding="UTF-8"?>
<!-- Generated by org.testng.reporters.JUnitXMLReporter -->
<testsuite ignored="0" hostname="DESKTOP-PF3KS85" failures="0" tests="3" name="Setup - Config and Browser" time="4.58" errors="0" timestamp="2025-04-03T18:31:58 IST">
  <testcase classname="com.baseClass.baseClass" name="configReader" time="0.016"/>
  <testcase classname="com.baseClass.baseClass" name="intBrowser" time="2.648"/>
  <testcase classname="com.baseClass.baseClass" name="invokeUrl" time="1.852"/>
</testsuite> <!-- Setup - Config and Browser -->
