<?xml version="1.0" encoding="UTF-8"?>
<!-- Generated by org.testng.reporters.JUnitXMLReporter -->
<testsuite ignored="2" hostname="DESKTOP-PF3KS85" failures="0" tests="7" name="Test" time="5.718" errors="0" timestamp="2025-03-25T09:58:38 IST">
  <testcase classname="com.callTest.testCallOne" name="method_three" time="1.331"/>
  <testcase classname="com.callTest.testCallTwo" name="method_four" time="0.75"/>
  <testcase classname="com.callTest.testCallTwo" name="method_six" time="0.48"/>
  <testcase classname="com.callTest.testCallOne" name="method_three" time="0.521"/>
  <testcase classname="com.callTest.testCallTwo" name="method_eight" time="0.335"/>
  <testcase classname="com.callTest.testCallTwo" name="method_five" time="0.092"/>
  <testcase classname="com.callTest.testCallTwo" name="method_seven" time="0.315"/>
  <testcase classname="com.callTest.testCallOne" name="@BeforeSuite method_one" time="0.0">
    <ignored/>
  </testcase> <!-- @BeforeSuite method_one -->
  <testcase classname="com.callTest.testCallOne" name="@BeforeTest method_two" time="0.0">
    <ignored/>
  </testcase> <!-- @BeforeTest method_two -->
</testsuite> <!-- Test -->
