<?xml version="1.0" encoding="UTF-8"?>
<!-- Generated by org.testng.reporters.JUnitXMLReporter -->
<testsuite ignored="0" hostname="DESKTOP-PF3KS85" failures="1" tests="3" name="TestInvoke" time="1.598" errors="0" timestamp="2025-03-24T13:17:17 IST">
  <testcase classname="com.callTest.testCallOne" name="method_one" time="0.015"/>
  <testcase classname="com.callTest.testCallOne" name="method_three" time="0.003">
    <failure type="java.lang.NullPointerException" message="Cannot invoke &amp;quot;org.openqa.selenium.WebDriver.get(String)&amp;quot; because &amp;quot;com.baseClass.baseClass.driver&amp;quot; is null">
      <![CDATA[java.lang.NullPointerException: Cannot invoke "org.openqa.selenium.WebDriver.get(String)" because "com.baseClass.baseClass.driver" is null
at com.baseClass.baseClass.invokeUrl(baseClass.java:49)
at com.callTest.testCallOne.method_three(testCallOne.java:39)
at java.base/java.util.ArrayList.forEach(ArrayList.java:1596)
... Removed 25 stack frames]]>
    </failure>
  </testcase> <!-- method_three -->
  <testcase classname="com.callTest.testCallOne" name="method_two" time="1.508"/>
</testsuite> <!-- TestInvoke -->
