<?xml version="1.0" encoding="UTF-8"?>
<!-- Generated by org.testng.reporters.JUnitXMLReporter -->
<testsuite ignored="0" hostname="DESKTOP-PF3KS85" failures="2" tests="6" name="Test_Two" time="11.55" errors="0" timestamp="2025-03-24T14:43:10 IST">
  <testcase classname="com.callTest.testCallTwo" name="method_four" time="0.014">
    <failure type="java.lang.NullPointerException" message="Cannot invoke &amp;quot;org.openqa.selenium.WebDriver.findElement(org.openqa.selenium.By)&amp;quot; because &amp;quot;com.baseClass.performFunctionalities.driver&amp;quot; is null">
      <![CDATA[java.lang.NullPointerException: Cannot invoke "org.openqa.selenium.WebDriver.findElement(org.openqa.selenium.By)" because "com.baseClass.performFunctionalities.driver" is null
at com.baseClass.performFunctionalities.selectCountry(performFunctionalities.java:19)
at com.callTest.testCallTwo.method_four(testCallTwo.java:15)
at java.base/java.util.ArrayList.forEach(ArrayList.java:1596)
at java.base/java.util.concurrent.FutureTask.run(FutureTask.java:317)
at java.base/java.util.concurrent.ThreadPoolExecutor.runWorker(ThreadPoolExecutor.java:1144)
at java.base/java.util.concurrent.ThreadPoolExecutor$Worker.run(ThreadPoolExecutor.java:642)
at java.base/java.lang.Thread.run(Thread.java:1583)
... Removed 15 stack frames]]>
    </failure>
  </testcase> <!-- method_four -->
  <testcase classname="com.callTest.testCallTwo" name="method_six" time="0.002">
    <failure type="java.lang.NullPointerException" message="Cannot invoke &amp;quot;org.openqa.selenium.WebDriver.findElement(org.openqa.selenium.By)&amp;quot; because &amp;quot;com.baseClass.performFunctionalities.driver&amp;quot; is null">
      <![CDATA[java.lang.NullPointerException: Cannot invoke "org.openqa.selenium.WebDriver.findElement(org.openqa.selenium.By)" because "com.baseClass.performFunctionalities.driver" is null
at com.baseClass.performFunctionalities.selectCity(performFunctionalities.java:40)
at com.callTest.testCallTwo.method_six(testCallTwo.java:26)
at java.base/java.util.ArrayList.forEach(ArrayList.java:1596)
at java.base/java.util.concurrent.FutureTask.run(FutureTask.java:317)
at java.base/java.util.concurrent.ThreadPoolExecutor.runWorker(ThreadPoolExecutor.java:1144)
at java.base/java.util.concurrent.ThreadPoolExecutor$Worker.run(ThreadPoolExecutor.java:642)
at java.base/java.lang.Thread.run(Thread.java:1583)
... Removed 15 stack frames]]>
    </failure>
  </testcase> <!-- method_six -->
  <testcase classname="com.callTest.testCallOne" name="method_three" time="10.48"/>
  <testcase classname="com.callTest.testCallTwo" name="method_eight" time="0.569"/>
  <testcase classname="com.callTest.testCallTwo" name="method_five" time="0.113"/>
  <testcase classname="com.callTest.testCallTwo" name="method_seven" time="0.0">
    <skipped/>
  </testcase> <!-- method_seven -->
</testsuite> <!-- Test_Two -->
