<?xml version="1.0" encoding="UTF-8"?>
<!-- Generated by org.testng.reporters.JUnitXMLReporter -->
<testsuite ignored="0" hostname="DESKTOP-PF3KS85" failures="1" tests="3" name="Test" time="3.804" errors="0" timestamp="2025-03-15T09:26:05 IST">
  <testcase classname="com.baseClass.baseClass" name="configReader" time="0.017"/>
  <testcase classname="com.baseClass.baseClass" name="intBrowser" time="3.704"/>
  <testcase classname="com.baseClass.baseClass" name="invokeUrl" time="0.004">
    <failure type="java.lang.NullPointerException" message="Cannot invoke &amp;quot;java.util.Properties.getProperty(String)&amp;quot; because &amp;quot;com.baseClass.baseClass.prop&amp;quot; is null">
      <![CDATA[java.lang.NullPointerException: Cannot invoke "java.util.Properties.getProperty(String)" because "com.baseClass.baseClass.prop" is null
at com.baseClass.baseClass.invokeUrl(baseClass.java:48)
at java.base/java.util.ArrayList.forEach(ArrayList.java:1596)
... Removed 25 stack frames]]>
    </failure>
  </testcase> <!-- invokeUrl -->
</testsuite> <!-- Test -->
