<?xml version="1.0" encoding="UTF-8"?>
<!-- Generated by org.testng.reporters.JUnitXMLReporter -->
<testsuite ignored="0" hostname="DESKTOP-PF3KS85" failures="2" tests="3" name="Config and Browser invoke TestCase_01" time="0.066" errors="0" timestamp="2025-04-03T14:31:03 IST">
  <testcase classname="com.baseClass.baseClass" name="configReader" time="0.007"/>
  <testcase classname="com.baseClass.baseClass" name="intBrowser" time="0.0">
    <failure type="org.testng.TestNGException" message="
Method public static void com.baseClass.baseClass.intBrowser(java.lang.String) requires a @DataProvider named : chrome">
      <![CDATA[org.testng.TestNGException: 
Method public static void com.baseClass.baseClass.intBrowser(java.lang.String) requires a @DataProvider named : chrome
at java.base/java.util.ArrayList.forEach(ArrayList.java:1596)
... Removed 28 stack frames]]>
    </failure>
  </testcase> <!-- intBrowser -->
  <testcase classname="com.baseClass.baseClass" name="invokeUrl" time="0.002">
    <failure type="java.lang.NullPointerException" message="Cannot invoke &amp;quot;org.openqa.selenium.WebDriver.get(String)&amp;quot; because &amp;quot;com.baseClass.baseClass.driver&amp;quot; is null">
      <![CDATA[java.lang.NullPointerException: Cannot invoke "org.openqa.selenium.WebDriver.get(String)" because "com.baseClass.baseClass.driver" is null
at com.baseClass.baseClass.invokeUrl(baseClass.java:61)
at java.base/java.util.ArrayList.forEach(ArrayList.java:1596)
... Removed 29 stack frames]]>
    </failure>
  </testcase> <!-- invokeUrl -->
</testsuite> <!-- Config and Browser invoke TestCase_01 -->
