<?xml version="1.0" encoding="UTF-8"?>
<!-- Generated by org.testng.reporters.JUnitXMLReporter -->
<testsuite ignored="2" hostname="DESKTOP-PF3KS85" failures="0" tests="7" name="Test" time="9.57" errors="0" timestamp="2025-03-25T09:18:10 IST">
  <testcase classname="com.callTest.testCallOne" name="method_three" time="1.388"/>
  <testcase classname="com.callTest.testCallTwo" name="method_four" time="0.59"/>
  <testcase classname="com.callTest.testCallTwo" name="method_six" time="0.523"/>
  <testcase classname="com.callTest.testCallOne" name="method_three" time="0.395"/>
  <testcase classname="com.callTest.testCallTwo" name="method_eight" time="0.394"/>
  <testcase classname="com.callTest.testCallTwo" name="method_five" time="0.647"/>
  <testcase classname="com.callTest.testCallTwo" name="method_seven" time="1.987"/>
  <testcase classname="com.callTest.testCallOne" name="@BeforeTest method_two" time="0.0">
    <ignored/>
  </testcase> <!-- @BeforeTest method_two -->
  <testcase classname="com.callTest.testCallOne" name="@BeforeSuite method_one" time="0.0">
    <ignored/>
  </testcase> <!-- @BeforeSuite method_one -->
</testsuite> <!-- Test -->
