<?xml version="1.0" encoding="UTF-8"?>
<testng-results ignored="0" total="7" passed="7" failed="0" skipped="0">
  <reporter-output>
  </reporter-output>
  <suite started-at="2025-03-25T09:13:23 IST" name="Suite" finished-at="2025-03-25T09:13:29 IST" duration-ms="5811">
    <groups>
      <group name="CountrySelections">
        <method signature="testCallTwo.method_four()[pri:0, instance:com.callTest.testCallTwo@359f7cdf]" name="method_four" class="com.callTest.testCallTwo"/>
        <method signature="testCallTwo.method_six()[pri:0, instance:com.callTest.testCallTwo@359f7cdf]" name="method_six" class="com.callTest.testCallTwo"/>
        <method signature="testCallTwo.method_five()[pri:0, instance:com.callTest.testCallTwo@359f7cdf]" name="method_five" class="com.callTest.testCallTwo"/>
      </group> <!-- CountrySelections -->
    </groups>
    <test started-at="2025-03-25T09:13:23 IST" name="Test" finished-at="2025-03-25T09:13:29 IST" duration-ms="5811">
      <class name="com.callTest.testCallTwo">
        <test-method signature="method_four()[pri:0, instance:com.callTest.testCallTwo@359f7cdf]" started-at="2025-03-25T09:13:26 IST" name="method_four" finished-at="2025-03-25T09:13:27 IST" duration-ms="679" status="PASS">
          <reporter-output>
          </reporter-output>
        </test-method> <!-- method_four -->
        <test-method signature="method_six()[pri:0, instance:com.callTest.testCallTwo@359f7cdf]" started-at="2025-03-25T09:13:27 IST" name="method_six" finished-at="2025-03-25T09:13:27 IST" duration-ms="618" status="PASS">
          <reporter-output>
          </reporter-output>
        </test-method> <!-- method_six -->
        <test-method signature="method_three()[pri:0, instance:com.callTest.testCallTwo@359f7cdf]" started-at="2025-03-25T09:13:27 IST" name="method_three" finished-at="2025-03-25T09:13:28 IST" duration-ms="537" status="PASS">
          <reporter-output>
          </reporter-output>
        </test-method> <!-- method_three -->
        <test-method signature="method_eight()[pri:0, instance:com.callTest.testCallTwo@359f7cdf]" started-at="2025-03-25T09:13:28 IST" name="method_eight" finished-at="2025-03-25T09:13:28 IST" duration-ms="347" status="PASS">
          <reporter-output>
          </reporter-output>
        </test-method> <!-- method_eight -->
        <test-method signature="method_five()[pri:0, instance:com.callTest.testCallTwo@359f7cdf]" started-at="2025-03-25T09:13:28 IST" name="method_five" finished-at="2025-03-25T09:13:28 IST" duration-ms="95" status="PASS">
          <reporter-output>
          </reporter-output>
        </test-method> <!-- method_five -->
        <test-method signature="method_seven()[pri:0, instance:com.callTest.testCallTwo@359f7cdf]" started-at="2025-03-25T09:13:28 IST" name="method_seven" finished-at="2025-03-25T09:13:29 IST" depends-on-methods="com.callTest.testCallTwo.method_six" duration-ms="313" status="PASS">
          <reporter-output>
          </reporter-output>
        </test-method> <!-- method_seven -->
        <test-method is-config="true" signature="tear_Down()[pri:0, instance:com.callTest.testCallTwo@359f7cdf]" started-at="2025-03-25T09:13:29 IST" name="tear_Down" finished-at="2025-03-25T09:13:29 IST" duration-ms="225" status="PASS">
          <reporter-output>
          </reporter-output>
        </test-method> <!-- tear_Down -->
        <test-method is-config="true" signature="close()[pri:0, instance:com.callTest.testCallTwo@359f7cdf]" started-at="2025-03-25T09:13:29 IST" name="close" finished-at="2025-03-25T09:13:29 IST" duration-ms="1" status="PASS">
          <reporter-output>
          </reporter-output>
        </test-method> <!-- close -->
      </class> <!-- com.callTest.testCallTwo -->
      <class name="com.callTest.testCallOne">
        <test-method is-config="true" signature="method_one()[pri:0, instance:com.callTest.testCallOne@323b36e0]" started-at="2025-03-25T09:13:23 IST" name="method_one" finished-at="2025-03-25T09:13:23 IST" duration-ms="12" status="PASS">
          <reporter-output>
          </reporter-output>
        </test-method> <!-- method_one -->
        <test-method is-config="true" signature="method_two()[pri:0, instance:com.callTest.testCallOne@323b36e0]" started-at="2025-03-25T09:13:23 IST" name="method_two" finished-at="2025-03-25T09:13:24 IST" duration-ms="1402" status="PASS">
          <reporter-output>
          </reporter-output>
        </test-method> <!-- method_two -->
        <test-method signature="method_three()[pri:0, instance:com.callTest.testCallOne@323b36e0]" started-at="2025-03-25T09:13:24 IST" name="method_three" finished-at="2025-03-25T09:13:26 IST" duration-ms="1537" status="PASS">
          <reporter-output>
          </reporter-output>
        </test-method> <!-- method_three -->
      </class> <!-- com.callTest.testCallOne -->
    </test> <!-- Test -->
  </suite> <!-- Suite -->
</testng-results>
