<?xml version="1.0" encoding="UTF-8"?>
<testng-results ignored="0" total="7" passed="7" failed="0" skipped="0">
  <reporter-output>
  </reporter-output>
  <suite started-at="2025-03-25T09:59:16 IST" name="Suite" finished-at="2025-03-25T09:59:22 IST" duration-ms="6223">
    <groups>
      <group name="CountrySelections">
        <method signature="testCallTwo.method_four()[pri:0, instance:com.callTest.testCallTwo@5fdcaa40]" name="method_four" class="com.callTest.testCallTwo"/>
        <method signature="testCallTwo.method_six()[pri:0, instance:com.callTest.testCallTwo@5fdcaa40]" name="method_six" class="com.callTest.testCallTwo"/>
        <method signature="testCallTwo.method_five()[pri:0, instance:com.callTest.testCallTwo@5fdcaa40]" name="method_five" class="com.callTest.testCallTwo"/>
      </group> <!-- CountrySelections -->
    </groups>
    <test started-at="2025-03-25T09:59:16 IST" name="Test" finished-at="2025-03-25T09:59:22 IST" duration-ms="6223">
      <class name="com.callTest.testCallTwo">
        <test-method signature="method_four()[pri:0, instance:com.callTest.testCallTwo@5fdcaa40]" started-at="2025-03-25T09:59:19 IST" name="method_four" finished-at="2025-03-25T09:59:20 IST" duration-ms="573" status="PASS">
          <reporter-output>
          </reporter-output>
        </test-method> <!-- method_four -->
        <test-method signature="method_six()[pri:0, instance:com.callTest.testCallTwo@5fdcaa40]" started-at="2025-03-25T09:59:20 IST" name="method_six" finished-at="2025-03-25T09:59:20 IST" duration-ms="683" status="PASS">
          <reporter-output>
          </reporter-output>
        </test-method> <!-- method_six -->
        <test-method signature="method_three()[pri:0, instance:com.callTest.testCallTwo@5fdcaa40]" started-at="2025-03-25T09:59:20 IST" name="method_three" finished-at="2025-03-25T09:59:21 IST" duration-ms="396" status="PASS">
          <reporter-output>
          </reporter-output>
        </test-method> <!-- method_three -->
        <test-method signature="method_eight()[pri:0, instance:com.callTest.testCallTwo@5fdcaa40]" started-at="2025-03-25T09:59:21 IST" name="method_eight" finished-at="2025-03-25T09:59:21 IST" duration-ms="335" status="PASS">
          <reporter-output>
          </reporter-output>
        </test-method> <!-- method_eight -->
        <test-method signature="method_five()[pri:0, instance:com.callTest.testCallTwo@5fdcaa40]" started-at="2025-03-25T09:59:21 IST" name="method_five" finished-at="2025-03-25T09:59:21 IST" duration-ms="107" status="PASS">
          <reporter-output>
          </reporter-output>
        </test-method> <!-- method_five -->
        <test-method signature="method_seven()[pri:0, instance:com.callTest.testCallTwo@5fdcaa40]" started-at="2025-03-25T09:59:21 IST" name="method_seven" finished-at="2025-03-25T09:59:22 IST" depends-on-methods="com.callTest.testCallTwo.method_six" duration-ms="340" status="PASS">
          <reporter-output>
          </reporter-output>
        </test-method> <!-- method_seven -->
        <test-method is-config="true" signature="tear_Down()[pri:0, instance:com.callTest.testCallTwo@5fdcaa40]" started-at="2025-03-25T09:59:22 IST" name="tear_Down" finished-at="2025-03-25T09:59:22 IST" duration-ms="147" status="PASS">
          <reporter-output>
          </reporter-output>
        </test-method> <!-- tear_Down -->
        <test-method is-config="true" signature="close()[pri:0, instance:com.callTest.testCallTwo@5fdcaa40]" started-at="2025-03-25T09:59:22 IST" name="close" finished-at="2025-03-25T09:59:22 IST" duration-ms="1" status="PASS">
          <reporter-output>
          </reporter-output>
        </test-method> <!-- close -->
      </class> <!-- com.callTest.testCallTwo -->
      <class name="com.callTest.testCallOne">
        <test-method is-config="true" signature="method_one()[pri:0, instance:com.callTest.testCallOne@42e99e4a]" started-at="2025-03-25T09:59:16 IST" name="method_one" finished-at="2025-03-25T09:59:16 IST" duration-ms="20" status="PASS">
          <reporter-output>
          </reporter-output>
        </test-method> <!-- method_one -->
        <test-method is-config="true" signature="method_two()[pri:0, instance:com.callTest.testCallOne@42e99e4a]" started-at="2025-03-25T09:59:16 IST" name="method_two" finished-at="2025-03-25T09:59:18 IST" duration-ms="2029" status="PASS">
          <reporter-output>
          </reporter-output>
        </test-method> <!-- method_two -->
        <test-method signature="method_three()[pri:0, instance:com.callTest.testCallOne@42e99e4a]" started-at="2025-03-25T09:59:18 IST" name="method_three" finished-at="2025-03-25T09:59:19 IST" duration-ms="1542" status="PASS">
          <reporter-output>
          </reporter-output>
        </test-method> <!-- method_three -->
      </class> <!-- com.callTest.testCallOne -->
    </test> <!-- Test -->
  </suite> <!-- Suite -->
</testng-results>
