<?xml version="1.0" encoding="UTF-8"?>
<testng-results ignored="0" total="7" passed="7" failed="0" skipped="0">
  <reporter-output>
  </reporter-output>
  <suite started-at="2025-03-25T09:58:33 IST" name="Suite" finished-at="2025-03-25T09:58:38 IST" duration-ms="5718">
    <groups>
      <group name="CountrySelections">
        <method signature="testCallTwo.method_four()[pri:0, instance:com.callTest.testCallTwo@10683d9d]" name="method_four" class="com.callTest.testCallTwo"/>
        <method signature="testCallTwo.method_six()[pri:0, instance:com.callTest.testCallTwo@10683d9d]" name="method_six" class="com.callTest.testCallTwo"/>
        <method signature="testCallTwo.method_five()[pri:0, instance:com.callTest.testCallTwo@10683d9d]" name="method_five" class="com.callTest.testCallTwo"/>
      </group> <!-- CountrySelections -->
    </groups>
    <test started-at="2025-03-25T09:58:33 IST" name="Test" finished-at="2025-03-25T09:58:38 IST" duration-ms="5718">
      <class name="com.callTest.testCallTwo">
        <test-method signature="method_four()[pri:0, instance:com.callTest.testCallTwo@10683d9d]" started-at="2025-03-25T09:58:36 IST" name="method_four" finished-at="2025-03-25T09:58:36 IST" duration-ms="750" status="PASS">
          <reporter-output>
          </reporter-output>
        </test-method> <!-- method_four -->
        <test-method signature="method_six()[pri:0, instance:com.callTest.testCallTwo@10683d9d]" started-at="2025-03-25T09:58:36 IST" name="method_six" finished-at="2025-03-25T09:58:37 IST" duration-ms="480" status="PASS">
          <reporter-output>
          </reporter-output>
        </test-method> <!-- method_six -->
        <test-method signature="method_three()[pri:0, instance:com.callTest.testCallTwo@10683d9d]" started-at="2025-03-25T09:58:37 IST" name="method_three" finished-at="2025-03-25T09:58:37 IST" duration-ms="521" status="PASS">
          <reporter-output>
          </reporter-output>
        </test-method> <!-- method_three -->
        <test-method signature="method_eight()[pri:0, instance:com.callTest.testCallTwo@10683d9d]" started-at="2025-03-25T09:58:37 IST" name="method_eight" finished-at="2025-03-25T09:58:38 IST" duration-ms="335" status="PASS">
          <reporter-output>
          </reporter-output>
        </test-method> <!-- method_eight -->
        <test-method signature="method_five()[pri:0, instance:com.callTest.testCallTwo@10683d9d]" started-at="2025-03-25T09:58:38 IST" name="method_five" finished-at="2025-03-25T09:58:38 IST" duration-ms="92" status="PASS">
          <reporter-output>
          </reporter-output>
        </test-method> <!-- method_five -->
        <test-method signature="method_seven()[pri:0, instance:com.callTest.testCallTwo@10683d9d]" started-at="2025-03-25T09:58:38 IST" name="method_seven" finished-at="2025-03-25T09:58:38 IST" depends-on-methods="com.callTest.testCallTwo.method_six" duration-ms="315" status="PASS">
          <reporter-output>
          </reporter-output>
        </test-method> <!-- method_seven -->
        <test-method is-config="true" signature="tear_Down()[pri:0, instance:com.callTest.testCallTwo@10683d9d]" started-at="2025-03-25T09:58:38 IST" name="tear_Down" finished-at="2025-03-25T09:58:38 IST" duration-ms="279" status="PASS">
          <reporter-output>
          </reporter-output>
        </test-method> <!-- tear_Down -->
        <test-method is-config="true" signature="close()[pri:0, instance:com.callTest.testCallTwo@10683d9d]" started-at="2025-03-25T09:58:38 IST" name="close" finished-at="2025-03-25T09:58:38 IST" duration-ms="1" status="PASS">
          <reporter-output>
          </reporter-output>
        </test-method> <!-- close -->
      </class> <!-- com.callTest.testCallTwo -->
      <class name="com.callTest.testCallOne">
        <test-method is-config="true" signature="method_one()[pri:0, instance:com.callTest.testCallOne@1573f9fc]" started-at="2025-03-25T09:58:33 IST" name="method_one" finished-at="2025-03-25T09:58:33 IST" duration-ms="15" status="PASS">
          <reporter-output>
          </reporter-output>
        </test-method> <!-- method_one -->
        <test-method is-config="true" signature="method_two()[pri:0, instance:com.callTest.testCallOne@1573f9fc]" started-at="2025-03-25T09:58:33 IST" name="method_two" finished-at="2025-03-25T09:58:34 IST" duration-ms="1539" status="PASS">
          <reporter-output>
          </reporter-output>
        </test-method> <!-- method_two -->
        <test-method signature="method_three()[pri:0, instance:com.callTest.testCallOne@1573f9fc]" started-at="2025-03-25T09:58:34 IST" name="method_three" finished-at="2025-03-25T09:58:36 IST" duration-ms="1331" status="PASS">
          <reporter-output>
          </reporter-output>
        </test-method> <!-- method_three -->
      </class> <!-- com.callTest.testCallOne -->
    </test> <!-- Test -->
  </suite> <!-- Suite -->
</testng-results>
